app/build/intermediates/manifest_merge_blame_file/release/manifest-merger-blame-release-report.txt
1<?xml version="1.0" encoding="utf-8"?>
2<manifest xmlns:android="http://schemas.android.com/apk/res/android"
3    package="com.warning"
4    android:versionCode="95"
5    android:versionName="2.7.4" >
6
7    <uses-sdk
8        android:minSdkVersion="21"
8-->src/main/AndroidManifest.xml
9        android:targetSdkVersion="28" />
9-->src/main/AndroidManifest.xml
10
11    <uses-permission android:name="android.permission.INTERNET" />
11-->src/main/AndroidManifest.xml:5:5-67
11-->src/main/AndroidManifest.xml:5:22-64
12    <uses-permission android:name="android.permission.WRITE_EXTERNAL_STORAGE" />
12-->src/main/AndroidManifest.xml:6:5-81
12-->src/main/AndroidManifest.xml:6:22-78
13    <uses-permission android:name="android.permission.READ_EXTERNAL_STORAGE" />
13-->src/main/AndroidManifest.xml:7:5-80
13-->src/main/AndroidManifest.xml:7:22-77
14    <uses-permission android:name="android.permission.ACCESS_COARSE_LOCATION" />
14-->src/main/AndroidManifest.xml:8:5-81
14-->src/main/AndroidManifest.xml:8:22-78
15    <uses-permission android:name="android.permission.ACCESS_NETWORK_STATE" />
15-->src/main/AndroidManifest.xml:9:5-79
15-->src/main/AndroidManifest.xml:9:22-76
16    <uses-permission android:name="android.permission.ACCESS_FINE_LOCATION" />
16-->src/main/AndroidManifest.xml:10:5-79
16-->src/main/AndroidManifest.xml:10:22-76
17    <uses-permission android:name="android.permission.READ_PHONE_STATE" />
17-->src/main/AndroidManifest.xml:11:5-75
17-->src/main/AndroidManifest.xml:11:22-72
18    <uses-permission android:name="android.permission.CHANGE_WIFI_STATE" />
18-->src/main/AndroidManifest.xml:12:5-76
18-->src/main/AndroidManifest.xml:12:22-73
19    <uses-permission android:name="android.permission.ACCESS_WIFI_STATE" />
19-->src/main/AndroidManifest.xml:13:5-76
19-->src/main/AndroidManifest.xml:13:22-73
20    <uses-permission android:name="android.permission.CHANGE_CONFIGURATION" />
20-->src/main/AndroidManifest.xml:14:5-79
20-->src/main/AndroidManifest.xml:14:22-76
21    <uses-permission android:name="android.permission.WAKE_LOCK" />
21-->src/main/AndroidManifest.xml:15:5-68
21-->src/main/AndroidManifest.xml:15:22-65
22    <uses-permission android:name="android.permission.WRITE_SETTINGS" />
22-->src/main/AndroidManifest.xml:16:5-73
22-->src/main/AndroidManifest.xml:16:22-70
23    <uses-permission android:name="android.permission.CALL_PHONE" />
23-->src/main/AndroidManifest.xml:17:5-69
23-->src/main/AndroidManifest.xml:17:22-66
24    <uses-permission android:name="android.permission.RECEIVE_BOOT_COMPLETED" />
24-->src/main/AndroidManifest.xml:18:5-81
24-->src/main/AndroidManifest.xml:18:22-78
25    <uses-permission android:name="android.permission.BLUETOOTH" />
25-->src/main/AndroidManifest.xml:19:5-68
25-->src/main/AndroidManifest.xml:19:22-65
26    <uses-permission android:name="android.permission.BLUETOOTH_ADMIN" />
26-->src/main/AndroidManifest.xml:20:5-74
26-->src/main/AndroidManifest.xml:20:22-71
27    <uses-permission android:name="android.permission.MODIFY_AUDIO_SETTINGS" />
27-->src/main/AndroidManifest.xml:21:5-80
27-->src/main/AndroidManifest.xml:21:22-77
28    <uses-permission android:name="android.permission.BROADCAST_STICKY" />
28-->src/main/AndroidManifest.xml:22:5-75
28-->src/main/AndroidManifest.xml:22:22-72
29    <uses-permission android:name="android.permission.RECORD_AUDIO" />
29-->src/main/AndroidManifest.xml:23:5-71
29-->src/main/AndroidManifest.xml:23:22-68
30    <uses-permission android:name="android.permission.MOUNT_UNMOUNT_FILESYSTEMS" />
30-->src/main/AndroidManifest.xml:24:5-84
30-->src/main/AndroidManifest.xml:24:22-81
31    <uses-permission android:name="android.permission.DISABLE_KEYGUARD" />
31-->src/main/AndroidManifest.xml:25:5-75
31-->src/main/AndroidManifest.xml:25:22-72
32    <uses-permission android:name="android.permission.CHANGE_NETWORK_STATE" />
32-->src/main/AndroidManifest.xml:26:5-79
32-->src/main/AndroidManifest.xml:26:22-76
33    <uses-permission android:name="android.permission.GET_TASKS" />
33-->src/main/AndroidManifest.xml:27:5-68
33-->src/main/AndroidManifest.xml:27:22-65
34    <uses-permission android:name="android.permission.CAMERA" />
34-->src/main/AndroidManifest.xml:28:5-65
34-->src/main/AndroidManifest.xml:28:22-62
35    <uses-permission android:name="android.permission.FLASHLIGHT" />
35-->src/main/AndroidManifest.xml:29:5-69
35-->src/main/AndroidManifest.xml:29:22-66
36    <uses-permission android:name="android.permission.SYSTEM_ALERT_WINDOW" />
36-->src/main/AndroidManifest.xml:30:5-78
36-->src/main/AndroidManifest.xml:30:22-75
37    <uses-permission android:name="android.permission.VIBRATE" />
37-->src/main/AndroidManifest.xml:31:5-66
37-->src/main/AndroidManifest.xml:31:22-63
38    <!-- //添加允许安装未知应用市场权限，这个权限不是动态权限，所以不用进行动态申请，否则自动更新功能失效 -->
39    <uses-permission android:name="android.permission.REQUEST_INSTALL_PACKAGES" />
39-->src/main/AndroidManifest.xml:33:5-83
39-->src/main/AndroidManifest.xml:33:22-80
40
41    <uses-feature android:name="android.hardware.autofocus" />
41-->src/main/AndroidManifest.xml:35:5-63
41-->src/main/AndroidManifest.xml:35:19-60
42    <uses-feature android:name="android.hardware.camera" />
42-->src/main/AndroidManifest.xml:36:5-60
42-->src/main/AndroidManifest.xml:36:19-57
43    <uses-feature android:name="android.hardware.camera.autofocus" />
43-->src/main/AndroidManifest.xml:37:5-70
43-->src/main/AndroidManifest.xml:37:19-67
44
45    <!-- umeng -->
46    <uses-permission android:name="android.permission.READ_LOGS" />
46-->src/main/AndroidManifest.xml:40:5-68
46-->src/main/AndroidManifest.xml:40:22-65
47    <uses-permission android:name="android.permission.SET_DEBUG_APP" />
47-->src/main/AndroidManifest.xml:41:5-72
47-->src/main/AndroidManifest.xml:41:22-69
48    <uses-permission android:name="android.permission.GET_ACCOUNTS" />
48-->src/main/AndroidManifest.xml:42:5-71
48-->src/main/AndroidManifest.xml:42:22-68
49    <uses-permission android:name="android.permission.USE_CREDENTIALS" />
49-->src/main/AndroidManifest.xml:43:5-74
49-->src/main/AndroidManifest.xml:43:22-71
50    <uses-permission android:name="android.permission.MANAGE_ACCOUNTS" />
50-->src/main/AndroidManifest.xml:44:5-74
50-->src/main/AndroidManifest.xml:44:22-71
51    <uses-permission android:name="android.permission.BROADCAST_PACKAGE_ADDED" />
51-->src/main/AndroidManifest.xml:45:5-82
51-->src/main/AndroidManifest.xml:45:22-79
52    <uses-permission android:name="android.permission.BROADCAST_PACKAGE_CHANGED" />
52-->src/main/AndroidManifest.xml:46:5-84
52-->src/main/AndroidManifest.xml:46:22-81
53    <uses-permission android:name="android.permission.BROADCAST_PACKAGE_INSTALL" />
53-->src/main/AndroidManifest.xml:47:5-84
53-->src/main/AndroidManifest.xml:47:22-81
54    <uses-permission android:name="android.permission.BROADCAST_PACKAGE_REPLACED" />
54-->src/main/AndroidManifest.xml:48:5-85
54-->src/main/AndroidManifest.xml:48:22-82
55    <uses-permission android:name="android.permission.RESTART_PACKAGES" />
55-->src/main/AndroidManifest.xml:49:5-75
55-->src/main/AndroidManifest.xml:49:22-72
56
57    <permission
57-->[com.umeng.sdk:push-xiaomi:1.0.0] AndroidManifest.xml:11:5-13:55
58        android:name="com.warning.permission.MIPUSH_RECEIVE"
58-->[com.umeng.sdk:push-xiaomi:1.0.0] AndroidManifest.xml:12:9-66
59        android:protectionLevel="signatureOrSystem" />
59-->[com.umeng.sdk:push-xiaomi:1.0.0] AndroidManifest.xml:13:9-52
60
61    <uses-permission android:name="com.warning.permission.MIPUSH_RECEIVE" /> <!-- 兼容flyme5.0以下版本，魅族内部集成pushSDK必填，不然无法收到消息 -->
61-->[com.umeng.sdk:push-xiaomi:1.0.0] AndroidManifest.xml:15:5-82
61-->[com.umeng.sdk:push-xiaomi:1.0.0] AndroidManifest.xml:15:22-79
62    <uses-permission android:name="com.meizu.flyme.push.permission.RECEIVE" />
62-->[com.umeng.sdk:push-meizu:1.0.0] AndroidManifest.xml:12:5-79
62-->[com.umeng.sdk:push-meizu:1.0.0] AndroidManifest.xml:12:22-76
63
64    <permission
64-->[com.umeng.sdk:push-meizu:1.0.0] AndroidManifest.xml:14:5-16:47
65        android:name="com.warning.push.permission.MESSAGE"
65-->[com.umeng.sdk:push-meizu:1.0.0] AndroidManifest.xml:15:9-64
66        android:protectionLevel="signature" />
66-->[com.umeng.sdk:push-meizu:1.0.0] AndroidManifest.xml:16:9-44
67
68    <uses-permission android:name="com.warning.push.permission.MESSAGE" /> <!-- 兼容flyme3.0配置权限 -->
68-->[com.umeng.sdk:push-meizu:1.0.0] AndroidManifest.xml:18:5-80
68-->[com.umeng.sdk:push-meizu:1.0.0] AndroidManifest.xml:18:22-77
69    <uses-permission android:name="com.meizu.c2dm.permission.RECEIVE" />
69-->[com.umeng.sdk:push-meizu:1.0.0] AndroidManifest.xml:21:5-73
69-->[com.umeng.sdk:push-meizu:1.0.0] AndroidManifest.xml:21:22-70
70
71    <permission
71-->[com.umeng.sdk:push-meizu:1.0.0] AndroidManifest.xml:23:5-25:47
72        android:name="com.warning.permission.C2D_MESSAGE"
72-->[com.umeng.sdk:push-meizu:1.0.0] AndroidManifest.xml:24:9-63
73        android:protectionLevel="signature" />
73-->[com.umeng.sdk:push-meizu:1.0.0] AndroidManifest.xml:25:9-44
74
75    <uses-permission android:name="com.warning.permission.C2D_MESSAGE" /> <!-- umeng -->
75-->[com.umeng.sdk:push-meizu:1.0.0] AndroidManifest.xml:27:5-79
75-->[com.umeng.sdk:push-meizu:1.0.0] AndroidManifest.xml:27:22-76
76    <application
76-->src/main/AndroidManifest.xml:52:5-265:19
77        android:name="com.warning.common.PgyApplication"
77-->src/main/AndroidManifest.xml:53:9-57
78        android:allowBackup="true"
78-->src/main/AndroidManifest.xml:54:9-35
79        android:appComponentFactory="android.support.v4.app.CoreComponentFactory"
79-->[com.android.support:support-compat:28.0.0] AndroidManifest.xml:22:18-91
80        android:icon="@drawable/icon"
80-->src/main/AndroidManifest.xml:55:9-38
81        android:label="@string/app_name"
81-->src/main/AndroidManifest.xml:56:9-41
82        android:networkSecurityConfig="@xml/network_security_config"
82-->src/main/AndroidManifest.xml:57:9-69
83        android:supportsRtl="true"
83-->src/main/AndroidManifest.xml:58:9-35
84        android:theme="@style/AppTheme"
84-->src/main/AndroidManifest.xml:59:9-40
85        android:usesCleartextTraffic="true" >
85-->src/main/AndroidManifest.xml:60:9-44
86
87        <!-- 解决android28以后无法使用apache http协议 -->
88        <uses-library
88-->src/main/AndroidManifest.xml:63:9-65:40
89            android:name="org.apache.http.legacy"
89-->src/main/AndroidManifest.xml:64:13-50
90            android:required="false" />
90-->src/main/AndroidManifest.xml:65:13-37
91
92        <!-- 自动更新下载完成广播 -->
93        <receiver android:name="com.warning.util.AutoUpdateBroadcastReceiver" >
93-->src/main/AndroidManifest.xml:68:9-73:20
93-->src/main/AndroidManifest.xml:68:19-78
94            <intent-filter>
94-->src/main/AndroidManifest.xml:69:13-72:29
95                <action android:name="android.intent.action.DOWNLOAD_COMPLETE" />
95-->src/main/AndroidManifest.xml:70:17-82
95-->src/main/AndroidManifest.xml:70:25-79
96                <action android:name="android.intent.action.PACKAGE_INSTALL" />
96-->src/main/AndroidManifest.xml:71:17-80
96-->src/main/AndroidManifest.xml:71:25-77
97            </intent-filter>
98        </receiver>
99
100        <provider
101            android:name="android.support.v4.content.FileProvider"
101-->src/main/AndroidManifest.xml:75:13-67
102            android:authorities="com.warning.fileprovider"
102-->src/main/AndroidManifest.xml:76:13-64
103            android:exported="false"
103-->src/main/AndroidManifest.xml:77:13-37
104            android:grantUriPermissions="true" >
104-->src/main/AndroidManifest.xml:78:13-47
105            <meta-data
105-->src/main/AndroidManifest.xml:79:13-81:54
106                android:name="android.support.FILE_PROVIDER_PATHS"
106-->src/main/AndroidManifest.xml:80:17-67
107                android:resource="@xml/file_paths" />
107-->src/main/AndroidManifest.xml:81:17-51
108        </provider>
109
110        <!-- 定位需要的服务 -->
111        <service android:name="com.amap.api.location.APSService" />
111-->src/main/AndroidManifest.xml:85:9-68
111-->src/main/AndroidManifest.xml:85:18-65
112
113        <!-- 高德地图key -->
114        <meta-data
114-->src/main/AndroidManifest.xml:88:9-90:64
115            android:name="com.amap.api.v2.apikey"
115-->src/main/AndroidManifest.xml:89:13-50
116            android:value="32aae14b28a5f7c48931bb1701c6be66" />
116-->src/main/AndroidManifest.xml:90:13-61
117
118        <activity
118-->src/main/AndroidManifest.xml:92:9-99:20
119            android:name="com.warning.activity.WelcomeActivity"
119-->src/main/AndroidManifest.xml:93:13-64
120            android:screenOrientation="portrait" >
120-->src/main/AndroidManifest.xml:94:13-49
121            <intent-filter>
121-->src/main/AndroidManifest.xml:95:13-98:29
122                <action android:name="android.intent.action.MAIN" />
122-->src/main/AndroidManifest.xml:96:17-69
122-->src/main/AndroidManifest.xml:96:25-66
123
124                <category android:name="android.intent.category.LAUNCHER" />
124-->src/main/AndroidManifest.xml:97:17-77
124-->src/main/AndroidManifest.xml:97:27-74
125            </intent-filter>
126        </activity>
127        <activity
127-->src/main/AndroidManifest.xml:100:9-102:52
128            android:name="com.warning.activity.LoginActivity"
128-->src/main/AndroidManifest.xml:101:13-62
129            android:screenOrientation="portrait" />
129-->src/main/AndroidManifest.xml:102:13-49
130        <activity
130-->src/main/AndroidManifest.xml:103:9-105:52
131            android:name="com.warning.activity.ShawnMainActivity"
131-->src/main/AndroidManifest.xml:104:13-66
132            android:screenOrientation="portrait" />
132-->src/main/AndroidManifest.xml:105:13-49
133        <activity
133-->src/main/AndroidManifest.xml:106:9-109:52
134            android:name="com.warning.activity.WarningDetailActivity"
134-->src/main/AndroidManifest.xml:107:13-70
135            android:exported="true"
135-->src/main/AndroidManifest.xml:108:13-36
136            android:screenOrientation="portrait" />
136-->src/main/AndroidManifest.xml:109:13-49
137        <activity
137-->src/main/AndroidManifest.xml:110:9-114:52
138            android:name="com.warning.activity.WarningDetailHWMIMZActivity"
138-->src/main/AndroidManifest.xml:111:13-76
139            android:exported="true"
139-->src/main/AndroidManifest.xml:112:13-36
140            android:launchMode="singleTask"
140-->src/main/AndroidManifest.xml:113:13-44
141            android:screenOrientation="portrait" />
141-->src/main/AndroidManifest.xml:114:13-49
142        <activity
142-->src/main/AndroidManifest.xml:115:9-118:75
143            android:name="com.warning.activity.ShawnWarningListActivity"
143-->src/main/AndroidManifest.xml:116:13-73
144            android:screenOrientation="portrait"
144-->src/main/AndroidManifest.xml:117:13-49
145            android:windowSoftInputMode="stateHidden|adjustUnspecified" />
145-->src/main/AndroidManifest.xml:118:13-72
146        <activity
146-->src/main/AndroidManifest.xml:119:9-122:52
147            android:name="com.warning.activity.CityActivity"
147-->src/main/AndroidManifest.xml:120:13-61
148            android:launchMode="singleTask"
148-->src/main/AndroidManifest.xml:121:13-44
149            android:screenOrientation="portrait" />
149-->src/main/AndroidManifest.xml:122:13-49
150        <activity
150-->src/main/AndroidManifest.xml:123:9-125:52
151            android:name="com.warning.activity.ZixunDetailActivity"
151-->src/main/AndroidManifest.xml:124:13-68
152            android:screenOrientation="portrait" />
152-->src/main/AndroidManifest.xml:125:13-49
153        <activity
153-->src/main/AndroidManifest.xml:126:9-128:52
154            android:name="com.warning.activity.IntroduceActivity"
154-->src/main/AndroidManifest.xml:127:13-66
155            android:screenOrientation="portrait" />
155-->src/main/AndroidManifest.xml:128:13-49
156        <activity
156-->src/main/AndroidManifest.xml:129:9-131:52
157            android:name="com.warning.activity.PushActivity"
157-->src/main/AndroidManifest.xml:130:13-61
158            android:screenOrientation="portrait" />
158-->src/main/AndroidManifest.xml:131:13-49
159        <activity
159-->src/main/AndroidManifest.xml:132:9-134:52
160            android:name="com.warning.activity.MyActivity"
160-->src/main/AndroidManifest.xml:133:13-59
161            android:screenOrientation="portrait" />
161-->src/main/AndroidManifest.xml:134:13-49
162        <activity
162-->src/main/AndroidManifest.xml:135:9-140:70
163            android:name="com.warning.activity.OnlineVideoActivity"
163-->src/main/AndroidManifest.xml:136:13-68
164            android:configChanges="orientation|keyboard|keyboardHidden|screenSize"
164-->src/main/AndroidManifest.xml:137:13-83
165            android:launchMode="singleTask"
165-->src/main/AndroidManifest.xml:138:13-44
166            android:screenOrientation="nosensor"
166-->src/main/AndroidManifest.xml:139:13-49
167            android:windowSoftInputMode="adjustResize|stateHidden" />
167-->src/main/AndroidManifest.xml:140:13-67
168        <activity
168-->src/main/AndroidManifest.xml:141:9-145:70
169            android:name="com.warning.activity.OnlinePictureActivity"
169-->src/main/AndroidManifest.xml:142:13-70
170            android:launchMode="singleTask"
170-->src/main/AndroidManifest.xml:143:13-44
171            android:screenOrientation="portrait"
171-->src/main/AndroidManifest.xml:144:13-49
172            android:windowSoftInputMode="adjustResize|stateHidden" />
172-->src/main/AndroidManifest.xml:145:13-67
173        <activity
173-->src/main/AndroidManifest.xml:146:9-150:74
174            android:name="com.warning.activity.CameraActivity"
174-->src/main/AndroidManifest.xml:147:13-63
175            android:launchMode="singleTask"
175-->src/main/AndroidManifest.xml:148:13-44
176            android:screenOrientation="landscape"
176-->src/main/AndroidManifest.xml:149:13-50
177            android:theme="@android:style/Theme.NoTitleBar.Fullscreen" />
177-->src/main/AndroidManifest.xml:150:13-71
178        <activity
178-->src/main/AndroidManifest.xml:151:9-155:52
179            android:name="com.warning.activity.DisplayVideoActivity"
179-->src/main/AndroidManifest.xml:152:13-69
180            android:configChanges="orientation|keyboard|keyboardHidden|screenSize"
180-->src/main/AndroidManifest.xml:153:13-83
181            android:launchMode="singleTask"
181-->src/main/AndroidManifest.xml:154:13-44
182            android:screenOrientation="nosensor" />
182-->src/main/AndroidManifest.xml:155:13-49
183        <activity
183-->src/main/AndroidManifest.xml:156:9-160:52
184            android:name="com.warning.activity.DisplayPictureActivity"
184-->src/main/AndroidManifest.xml:157:13-71
185            android:configChanges="orientation|keyboard|keyboardHidden|screenSize"
185-->src/main/AndroidManifest.xml:158:13-83
186            android:launchMode="singleTask"
186-->src/main/AndroidManifest.xml:159:13-44
187            android:screenOrientation="portrait" />
187-->src/main/AndroidManifest.xml:160:13-49
188        <activity
188-->src/main/AndroidManifest.xml:161:9-165:52
189            android:name="com.warning.activity.CheckWorksActivity"
189-->src/main/AndroidManifest.xml:162:13-67
190            android:exported="true"
190-->src/main/AndroidManifest.xml:163:13-36
191            android:launchMode="singleTask"
191-->src/main/AndroidManifest.xml:164:13-44
192            android:screenOrientation="portrait" />
192-->src/main/AndroidManifest.xml:165:13-49
193        <activity
193-->src/main/AndroidManifest.xml:166:9-168:52
194            android:name="com.warning.activity.PersonInfoActivity"
194-->src/main/AndroidManifest.xml:167:13-67
195            android:screenOrientation="portrait" />
195-->src/main/AndroidManifest.xml:168:13-49
196        <activity
196-->src/main/AndroidManifest.xml:169:9-172:52
197            android:name="com.warning.activity.ModifyInfoActivity"
197-->src/main/AndroidManifest.xml:170:13-67
198            android:launchMode="singleTask"
198-->src/main/AndroidManifest.xml:171:13-44
199            android:screenOrientation="portrait" />
199-->src/main/AndroidManifest.xml:172:13-49
200        <activity
200-->src/main/AndroidManifest.xml:173:9-175:52
201            android:name="com.warning.activity.MyUploadActivity"
201-->src/main/AndroidManifest.xml:174:13-65
202            android:screenOrientation="portrait" />
202-->src/main/AndroidManifest.xml:175:13-49
203        <activity
203-->src/main/AndroidManifest.xml:176:9-178:52
204            android:name="com.warning.activity.MyScoreActivity"
204-->src/main/AndroidManifest.xml:177:13-64
205            android:screenOrientation="portrait" />
205-->src/main/AndroidManifest.xml:178:13-49
206        <activity
206-->src/main/AndroidManifest.xml:179:9-181:52
207            android:name="com.warning.activity.ScoreDetailActivity"
207-->src/main/AndroidManifest.xml:180:13-68
208            android:screenOrientation="portrait" />
208-->src/main/AndroidManifest.xml:181:13-49
209        <activity
209-->src/main/AndroidManifest.xml:182:9-184:52
210            android:name="com.warning.activity.MyMsgActivity"
210-->src/main/AndroidManifest.xml:183:13-62
211            android:screenOrientation="portrait" />
211-->src/main/AndroidManifest.xml:184:13-49
212        <activity
212-->src/main/AndroidManifest.xml:185:9-187:52
213            android:name="com.warning.activity.WebviewActivity"
213-->src/main/AndroidManifest.xml:186:13-64
214            android:screenOrientation="portrait" />
214-->src/main/AndroidManifest.xml:187:13-49
215        <activity
215-->src/main/AndroidManifest.xml:188:9-190:52
216            android:name="com.warning.activity.ShawnPDFActivity"
216-->src/main/AndroidManifest.xml:189:13-65
217            android:screenOrientation="portrait" />
217-->src/main/AndroidManifest.xml:190:13-49
218        <activity
218-->src/main/AndroidManifest.xml:191:9-193:52
219            android:name="com.warning.activity.YiqingListActivity"
219-->src/main/AndroidManifest.xml:192:13-67
220            android:screenOrientation="portrait" />
220-->src/main/AndroidManifest.xml:193:13-49
221        <activity
221-->src/main/AndroidManifest.xml:194:9-196:52
222            android:name="com.warning.activity.YiqingPercentActivity"
222-->src/main/AndroidManifest.xml:195:13-70
223            android:screenOrientation="portrait" />
223-->src/main/AndroidManifest.xml:196:13-49
224
225        <!-- umeng -->
226        <activity
226-->src/main/AndroidManifest.xml:199:9-211:20
227            android:name="com.tencent.tauth.AuthActivity"
227-->src/main/AndroidManifest.xml:200:13-58
228            android:launchMode="singleTask"
228-->src/main/AndroidManifest.xml:201:13-44
229            android:noHistory="true" >
229-->src/main/AndroidManifest.xml:202:13-37
230            <intent-filter>
230-->src/main/AndroidManifest.xml:203:13-210:29
231                <action android:name="android.intent.action.VIEW" />
231-->src/main/AndroidManifest.xml:204:17-69
231-->src/main/AndroidManifest.xml:204:25-66
232
233                <category android:name="android.intent.category.DEFAULT" />
233-->src/main/AndroidManifest.xml:206:17-76
233-->src/main/AndroidManifest.xml:206:27-73
234                <category android:name="android.intent.category.BROWSABLE" />
234-->src/main/AndroidManifest.xml:207:17-78
234-->src/main/AndroidManifest.xml:207:27-75
235
236                <data android:scheme="tencent1106871193" />
236-->src/main/AndroidManifest.xml:209:17-60
236-->src/main/AndroidManifest.xml:209:23-57
237            </intent-filter>
238        </activity>
239        <activity
239-->src/main/AndroidManifest.xml:212:9-215:75
240            android:name="com.tencent.connect.common.AssistActivity"
240-->src/main/AndroidManifest.xml:213:13-69
241            android:configChanges="orientation|keyboardHidden|screenSize"
241-->src/main/AndroidManifest.xml:214:13-74
242            android:theme="@android:style/Theme.Translucent.NoTitleBar" />
242-->src/main/AndroidManifest.xml:215:13-72
243        <activity
243-->src/main/AndroidManifest.xml:216:9-220:75
244            android:name="com.warning.wxapi.WXEntryActivity"
244-->src/main/AndroidManifest.xml:217:13-50
245            android:configChanges="keyboardHidden|orientation|screenSize"
245-->src/main/AndroidManifest.xml:218:13-74
246            android:exported="true"
246-->src/main/AndroidManifest.xml:219:13-36
247            android:theme="@android:style/Theme.Translucent.NoTitleBar" />
247-->src/main/AndroidManifest.xml:220:13-72
248        <activity
248-->src/main/AndroidManifest.xml:221:9-227:75
249            android:name="com.umeng.socialize.media.WBShareCallBackActivity"
249-->src/main/AndroidManifest.xml:222:13-77
250            android:configChanges="keyboardHidden|orientation"
250-->src/main/AndroidManifest.xml:223:13-63
251            android:exported="false"
251-->src/main/AndroidManifest.xml:224:13-37
252            android:launchMode="singleTask"
252-->src/main/AndroidManifest.xml:225:13-44
253            android:screenOrientation="portrait"
253-->src/main/AndroidManifest.xml:226:13-49
254            android:theme="@android:style/Theme.Translucent.NoTitleBar" />
254-->src/main/AndroidManifest.xml:227:13-72
255        <activity
255-->src/main/AndroidManifest.xml:228:9-232:57
256            android:name="com.sina.weibo.sdk.web.WeiboSdkWebActivity"
256-->src/main/AndroidManifest.xml:229:13-70
257            android:configChanges="keyboardHidden|orientation"
257-->src/main/AndroidManifest.xml:230:13-63
258            android:exported="false"
258-->src/main/AndroidManifest.xml:231:13-37
259            android:windowSoftInputMode="adjustResize" />
259-->src/main/AndroidManifest.xml:232:13-55
260        <activity
260-->src/main/AndroidManifest.xml:233:9-241:20
261            android:name="com.sina.weibo.sdk.share.WbShareTransActivity"
261-->src/main/AndroidManifest.xml:234:13-73
262            android:launchMode="singleTask"
262-->src/main/AndroidManifest.xml:235:13-44
263            android:theme="@android:style/Theme.Translucent.NoTitleBar.Fullscreen" >
263-->src/main/AndroidManifest.xml:236:13-83
264            <intent-filter>
264-->src/main/AndroidManifest.xml:237:13-240:29
265                <action android:name="com.sina.weibo.sdk.action.ACTION_SDK_REQ_ACTIVITY" />
265-->src/main/AndroidManifest.xml:238:17-92
265-->src/main/AndroidManifest.xml:238:25-89
266
267                <category android:name="android.intent.category.DEFAULT" />
267-->src/main/AndroidManifest.xml:206:17-76
267-->src/main/AndroidManifest.xml:206:27-73
268            </intent-filter>
269        </activity>
270        <activity
270-->src/main/AndroidManifest.xml:242:9-245:63
271            android:name="com.umeng.socialize.editorpage.ShareActivity"
271-->src/main/AndroidManifest.xml:243:13-72
272            android:excludeFromRecents="true"
272-->src/main/AndroidManifest.xml:244:13-46
273            android:theme="@android:style/Theme.NoTitleBar" />
273-->src/main/AndroidManifest.xml:245:13-60
274        <!-- umeng -->
275
276
277        <!-- 魅族push应用定义消息receiver声明 -->
278        <receiver android:name="com.warning.MeizuPushReceiver" >
278-->src/main/AndroidManifest.xml:249:9-263:20
278-->src/main/AndroidManifest.xml:249:19-63
279            <intent-filter>
279-->src/main/AndroidManifest.xml:250:13-262:29
280
281                <!-- 接收push消息 -->
282                <action android:name="com.meizu.flyme.push.intent.MESSAGE" />
282-->src/main/AndroidManifest.xml:252:17-78
282-->src/main/AndroidManifest.xml:252:25-75
283                <!-- 接收register消息 -->
284                <action android:name="com.meizu.flyme.push.intent.REGISTER.FEEDBACK" />
284-->src/main/AndroidManifest.xml:254:17-88
284-->src/main/AndroidManifest.xml:254:25-85
285                <!-- 接收unregister消息 -->
286                <action android:name="com.meizu.flyme.push.intent.UNREGISTER.FEEDBACK" />
286-->src/main/AndroidManifest.xml:256:17-90
286-->src/main/AndroidManifest.xml:256:25-87
287                <!-- 兼容低版本Flyme3推送服务配置 -->
288                <action android:name="com.meizu.c2dm.intent.REGISTRATION" />
288-->src/main/AndroidManifest.xml:258:17-77
288-->src/main/AndroidManifest.xml:258:25-74
289                <action android:name="com.meizu.c2dm.intent.RECEIVE" />
289-->src/main/AndroidManifest.xml:259:17-72
289-->src/main/AndroidManifest.xml:259:25-69
290
291                <category android:name="com.warning" />
291-->src/main/AndroidManifest.xml:261:27-58
292            </intent-filter>
293        </receiver>
294
295        <service
295-->[com.umeng.sdk:push:4.2.0] AndroidManifest.xml:28:9-38:19
296            android:name="com.taobao.accs.ChannelService"
296-->[com.umeng.sdk:push:4.2.0] AndroidManifest.xml:29:13-58
297            android:exported="true"
297-->[com.umeng.sdk:push:4.2.0] AndroidManifest.xml:30:13-36
298            android:process=":channel" >
298-->[com.umeng.sdk:push:4.2.0] AndroidManifest.xml:31:13-39
299            <intent-filter>
299-->[com.umeng.sdk:push:4.2.0] AndroidManifest.xml:32:13-34:29
300                <action android:name="com.taobao.accs.intent.action.SERVICE" />
300-->[com.umeng.sdk:push:4.2.0] AndroidManifest.xml:33:17-80
300-->[com.umeng.sdk:push:4.2.0] AndroidManifest.xml:33:25-77
301            </intent-filter>
302            <intent-filter>
302-->[com.umeng.sdk:push:4.2.0] AndroidManifest.xml:35:13-37:29
303                <action android:name="com.taobao.accs.intent.action.ELECTION" />
303-->[com.umeng.sdk:push:4.2.0] AndroidManifest.xml:36:17-81
303-->[com.umeng.sdk:push:4.2.0] AndroidManifest.xml:36:25-78
304            </intent-filter>
305        </service>
306        <service
306-->[com.umeng.sdk:push:4.2.0] AndroidManifest.xml:39:9-45:19
307            android:name="com.taobao.accs.data.MsgDistributeService"
307-->[com.umeng.sdk:push:4.2.0] AndroidManifest.xml:40:13-69
308            android:exported="true" >